<?xml version="1.0" encoding="UTF-8"?>
<!-- Generated by org.testng.reporters.JUnitReportReporter -->
<testsuite hostname="CNLDLF1159" failures="0" tests="2" name="virtusatest.FirstTest" time="16.708" errors="0" timestamp="2024-03-07T13:28:48 IST" skipped="0">
  <testcase classname="virtusatest.FirstTest" name="firstTestCase" time="8.940"/>
  <system-out/>
  <testcase classname="virtusatest.FirstTest" name="secondTestCase" time="7.768"/>
  <system-out/>
</testsuite> <!-- virtusatest.FirstTest -->
